
   INFO  Server running on [http://127.0.0.1:8000].  

  Press Ctrl+C to stop the server

  2025-09-17 13:12:43 /test/simple ............................... ~ 500.51ms

   INFO  Environment modified. Restarting server...  

   INFO  Server running on [http://127.0.0.1:8000].  

  Press Ctrl+C to stop the server

  2025-09-17 13:13:39 /test/simple ..................................... ~ 1s
  2025-09-17 13:14:39 /test/simple ................................. ~ 0.51ms
  2025-09-17 13:16:28 /test/simple ................................. ~ 0.12ms
  2025-09-17 13:18:42 /test/simple ................................. ~ 0.28ms
  2025-09-17 13:19:47 /test/simple ................................. ~ 0.16ms
  2025-09-17 13:20:17 /test/simple ................................. ~ 0.15ms
  2025-09-17 13:20:53 /clubify/test-all-methods .................. ~ 503.97ms
  2025-09-17 13:22:26 /clubify/test-all-methods .................... ~ 0.77ms
  2025-09-17 13:23:13 /clubify/test-all-methods .................... ~ 0.21ms
  {"timestamp":"2025-09-17T16:23:18+00:00","level":"info","message":"Organization module initialized","context":{"module":"organization","version":"1.0.0"}}
  {"timestamp":"2025-09-17T16:23:18+00:00","level":"info","message":"Service initialized","context":{"service":"Clubify\\Checkout\\Modules\\Organization\\Services\\TenantService","config":"tenant"}}
  {"timestamp":"2025-09-17T16:23:18+00:00","level":"info","message":"Service initialized","context":{"service":"Clubify\\Checkout\\Modules\\Organization\\Services\\AdminService","config":"admin"}}
  {"timestamp":"2025-09-17T16:23:18+00:00","level":"info","message":"Service initialized","context":{"service":"Clubify\\Checkout\\Modules\\Organization\\Services\\ApiKeyService","config":"api_key"}}
  {"timestamp":"2025-09-17T16:23:18+00:00","level":"info","message":"Service initialized","context":{"service":"Clubify\\Checkout\\Modules\\Organization\\Services\\DomainService","config":"domain"}}
  {"timestamp":"2025-09-17T16:23:18+00:00","level":"info","message":"Starting organization setup","context":{"name":"Test Org","admin_name":"Admin Test","admin_email":"admin@test.com"}}
  {"timestamp":"2025-09-17T16:23:18+00:00","level":"info","message":"Organization setup completed","context":{"organization_id":"org_68cae07697064"}}
  {"timestamp":"2025-09-17T16:23:18+00:00","level":"info","message":"Starting organization setup","context":{"name":"Complete Org","admin_name":"Admin Complete","admin_email":"admin@complete.com"}}
  {"timestamp":"2025-09-17T16:23:18+00:00","level":"info","message":"Organization setup completed","context":{"organization_id":"org_68cae0769707e"}}
  {"timestamp":"2025-09-17T16:23:18+00:00","level":"info","message":"Products module initialized","context":{"module":"products","version":"1.0.0"}}
  {"timestamp":"2025-09-17T16:23:18+00:00","level":"info","message":"Products module cleaned up","context":[]}
  {"timestamp":"2025-09-17T16:23:18+00:00","level":"info","message":"Setting up complete product","context":{"name":"Test Product","price":99.99}}
  {"timestamp":"2025-09-17T16:23:18+00:00","level":"info","message":"Creating complete product","context":{"name":"Complete Product","price":199.99}}
  {"timestamp":"2025-09-17T16:23:18+00:00","level":"info","message":"Checkout module initialized","context":{"module":"checkout","version":"1.0.0"}}
  {"timestamp":"2025-09-17T16:23:18+00:00","level":"info","message":"Checkout module cleaned up","context":[]}
  {"timestamp":"2025-09-17T16:23:18+00:00","level":"info","message":"Creating checkout session","context":{"product_id":"test_prod_123","customer_email":"customer@test.com"}}
  {"timestamp":"2025-09-17T16:23:18+00:00","level":"info","message":"Setting up complete checkout","context":{"product_id":"setup_prod_123","customer_email":"setup@test.com"}}
  {"timestamp":"2025-09-17T16:23:18+00:00","level":"info","message":"Creating complete checkout","context":{"product_id":"complete_prod_123","customer_email":"complete@test.com"}}
  {"timestamp":"2025-09-17T16:23:18+00:00","level":"info","message":"Processing one-click payment","context":{"payment_method":"credit_card","amount":99.99}}
  {"timestamp":"2025-09-17T16:23:18+00:00","level":"info","message":"Payments module initialized","context":{"module":"payments","version":"1.0.0"}}
  {"timestamp":"2025-09-17T16:23:18+00:00","level":"info","message":"Payments module cleaned up","context":[]}
  {"timestamp":"2025-09-17T16:23:18+00:00","level":"info","message":"Processing payment","context":{"method":"pix","amount":50,"currency":"BRL"}}
  {"timestamp":"2025-09-17T16:23:18+00:00","level":"info","message":"Setting up complete payment","context":{"gateway":"stripe","amount":100}}
  {"timestamp":"2025-09-17T16:23:18+00:00","level":"info","message":"Creating complete payment","context":{"gateway":"pagarme","amount":150}}
  {"timestamp":"2025-09-17T16:23:18+00:00","level":"info","message":"Tokenizing card","context":[]}
  {"timestamp":"2025-09-17T16:23:18+00:00","level":"info","message":"Customers module initialized","context":{"module":"customers","version":"1.0.0"}}
  {"timestamp":"2025-09-17T16:23:18+00:00","level":"info","message":"Customers module cleaned up","context":[]}
  {"timestamp":"2025-09-17T16:23:18+00:00","level":"info","message":"Creating customer","context":{"name":"Test Customer","email":"test@customer.com"}}
  {"timestamp":"2025-09-17T16:23:18+00:00","level":"info","message":"Setting up complete customer","context":{"name":"Setup Customer","email":"setup@customer.com"}}
  {"timestamp":"2025-09-17T16:23:18+00:00","level":"info","message":"Creating complete customer","context":{"name":"Complete Customer","email":"complete@customer.com"}}
  {"timestamp":"2025-09-17T16:23:18+00:00","level":"info","message":"Finding customer by email","context":{"email":"test@email.com"}}
  {"timestamp":"2025-09-17T16:23:18+00:00","level":"info","message":"Updating customer profile","context":{"customer_id":"customer_123","data":{"name":"Updated Name"}}}
  {"timestamp":"2025-09-17T16:23:18+00:00","level":"info","message":"WebhooksModule initialized successfully","context":[]}
  2025-09-17 13:23:18 /clubify/test-all-methods .................... ~ 4.39ms

   INFO  Environment modified. Restarting server...  

   INFO  Server running on [http://127.0.0.1:8000].  

  Press Ctrl+C to stop the server

